<?xml version="1.0" encoding="utf-8"?><testsuites name="pytest tests"><testsuite name="pytest" errors="0" failures="0" skipped="0" tests="25" time="38.031" timestamp="2026-07-18T14:00:32.798962+00:00" hostname="agent-env-c8681769-b372-42bf-a71f-8bafb7d2e894"><testcase classname="tests.backend_test" name="test_root" time="0.235" /><testcase classname="tests.backend_test" name="test_categories_defaults_seeded" time="0.056" /><testcase classname="tests.backend_test" name="test_categories_include_archived_flag" time="0.541" /><testcase classname="tests.backend_test" name="test_categories_create_auto_id" time="0.104" /><testcase classname="tests.backend_test" name="test_categories_upsert_existing" time="0.206" /><testcase classname="tests.backend_test" name="test_categories_hard_delete" time="0.162" /><testcase classname="tests.backend_test" name="test_debts_crud" time="0.314" /><testcase classname="tests.backend_test" name="test_debts_auto_id" time="0.102" /><testcase classname="tests.backend_test" name="test_settings_get_new_schema" time="0.055" /><testcase classname="tests.backend_test" name="test_settings_put_persists" time="0.156" /><testcase classname="tests.backend_test" name="test_monthly_entry_create_and_upsert" time="0.330" /><testcase classname="tests.backend_test" name="test_dashboard_structure_and_math" time="0.771" /><testcase classname="tests.backend_test" name="test_debt_plan" time="0.242" /><testcase classname="tests.backend_test" name="test_debt_plan_404" time="0.050" /><testcase classname="tests.backend_test" name="test_goals_crud" time="0.158" /><testcase classname="tests.backend_test" name="test_backup_export_has_all_collections" time="0.363" /><testcase classname="tests.backend_test" name="test_backup_import_replace_roundtrip" time="0.178" /><testcase classname="tests.backend_test" name="test_no_legacy_flat_fields_in_entries" time="0.055" /><testcase classname="tests.backend_test" name="test_ai_analyze_smoke" time="31.343" /><testcase classname="tests.backend_test" name="test_category_target_allocation_persists" time="0.157" /><testcase classname="tests.backend_test" name="test_rebalance_endpoint_structure" time="0.461" /><testcase classname="tests.backend_test" name="test_rebalance_skips_overweight_and_sums_to_budget" time="0.466" /><testcase classname="tests.backend_test" name="test_rebalance_auto_detect_budget_from_last_entry" time="0.636" /><testcase classname="tests.backend_test" name="test_rebalance_no_targets" time="0.059" /><testcase classname="tests.backend_test" name="test_dashboard_allocation_targets" time="0.472" /></testsuite></testsuites>