<?xml version="1.0" encoding="utf-8"?><testsuites name="pytest tests"><testsuite name="pytest" errors="0" failures="0" skipped="0" tests="25" time="41.297" timestamp="2026-07-18T13:34:33.706385+00:00" hostname="agent-env-c8681769-b372-42bf-a71f-8bafb7d2e894"><testcase classname="tests.backend_test" name="test_root" time="0.192" /><testcase classname="tests.backend_test" name="test_categories_defaults_seeded" time="0.049" /><testcase classname="tests.backend_test" name="test_categories_include_archived_flag" time="0.234" /><testcase classname="tests.backend_test" name="test_categories_create_auto_id" time="0.094" /><testcase classname="tests.backend_test" name="test_categories_upsert_existing" time="0.189" /><testcase classname="tests.backend_test" name="test_categories_hard_delete" time="0.137" /><testcase classname="tests.backend_test" name="test_debts_crud" time="0.309" /><testcase classname="tests.backend_test" name="test_debts_auto_id" time="0.092" /><testcase classname="tests.backend_test" name="test_settings_get_new_schema" time="0.045" /><testcase classname="tests.backend_test" name="test_settings_put_persists" time="0.129" /><testcase classname="tests.backend_test" name="test_monthly_entry_create_and_upsert" time="0.267" /><testcase classname="tests.backend_test" name="test_dashboard_structure_and_math" time="0.575" /><testcase classname="tests.backend_test" name="test_debt_plan" time="0.170" /><testcase classname="tests.backend_test" name="test_debt_plan_404" time="0.043" /><testcase classname="tests.backend_test" name="test_goals_crud" time="0.147" /><testcase classname="tests.backend_test" name="test_backup_export_has_all_collections" time="0.047" /><testcase classname="tests.backend_test" name="test_backup_import_replace_roundtrip" time="0.169" /><testcase classname="tests.backend_test" name="test_no_legacy_flat_fields_in_entries" time="0.052" /><testcase classname="tests.backend_test" name="test_ai_analyze_smoke" time="35.393" /><testcase classname="tests.backend_test" name="test_category_target_allocation_persists" time="0.176" /><testcase classname="tests.backend_test" name="test_rebalance_endpoint_structure" time="0.505" /><testcase classname="tests.backend_test" name="test_rebalance_skips_overweight_and_sums_to_budget" time="0.453" /><testcase classname="tests.backend_test" name="test_rebalance_auto_detect_budget_from_last_entry" time="0.594" /><testcase classname="tests.backend_test" name="test_rebalance_no_targets" time="0.044" /><testcase classname="tests.backend_test" name="test_dashboard_allocation_targets" time="0.444" /></testsuite></testsuites>